app/build/intermediates/manifest_merge_blame_file/debug/manifest-merger-blame-debug-report.txt
1<?xml version="1.0" encoding="utf-8"?>
2<manifest xmlns:android="http://schemas.android.com/apk/res/android"
3    package="com.example.myapplication"
4    android:versionCode="1"
5    android:versionName="1.0" >
6
7    <uses-sdk
8        android:minSdkVersion="25"
9        android:targetSdkVersion="34" />
10
11    <uses-feature
11-->src\main\AndroidManifest.xml:5:5-7:36
12        android:name="android.hardware.telephony"
12-->src\main\AndroidManifest.xml:6:9-50
13        android:required="false" />
13-->src\main\AndroidManifest.xml:7:9-33
14
15    <uses-permission android:name="android.permission.PROCESS_OUTGOING_CALLS" />
15-->src\main\AndroidManifest.xml:9:5-80
15-->src\main\AndroidManifest.xml:9:22-78
16    <uses-permission android:name="android.permission.READ_PHONE_STATE" />
16-->src\main\AndroidManifest.xml:10:5-74
16-->src\main\AndroidManifest.xml:10:22-72
17    <uses-permission android:name="android.permission.POST_NOTIFICATIONS" /> <!-- Android 13+ 需要 -->
17-->src\main\AndroidManifest.xml:12:5-76
17-->src\main\AndroidManifest.xml:12:22-74
18    <uses-permission android:name="android.permission.SCHEDULE_EXACT_ALARM" />
18-->src\main\AndroidManifest.xml:13:5-78
18-->src\main\AndroidManifest.xml:13:22-76
19
20    <!-- 1. 声明相机权限 -->
21    <uses-permission android:name="android.permission.CAMERA" />
21-->src\main\AndroidManifest.xml:16:5-65
21-->src\main\AndroidManifest.xml:16:22-62
22
23    <!--
24         2. (可选但推荐) 声明应用需要相机硬件。
25         android:required="false" 表示即使设备没有相机，应用也能安装，
26         这对于您的应用是合适的情况，因为相机只是一个可选功能。
27    -->
28    <uses-feature
28-->src\main\AndroidManifest.xml:21:5-85
29        android:name="android.hardware.camera"
29-->src\main\AndroidManifest.xml:21:19-57
30        android:required="false" />
30-->src\main\AndroidManifest.xml:21:58-82
31
32    <!-- 必须：前台服务权限 (Android 9+) -->
33    <uses-permission android:name="android.permission.FOREGROUND_SERVICE" />
33-->src\main\AndroidManifest.xml:25:5-77
33-->src\main\AndroidManifest.xml:25:22-74
34    <uses-permission android:name="android.permission.FOREGROUND_SERVICE_MEDIA_PLAYBACK" />
34-->src\main\AndroidManifest.xml:26:5-92
34-->src\main\AndroidManifest.xml:26:22-89
35
36    <permission
36-->[androidx.core:core:1.13.0] AndroidManifest.xml:22:5-24:47
37        android:name="com.example.myapplication.DYNAMIC_RECEIVER_NOT_EXPORTED_PERMISSION"
37-->[androidx.core:core:1.13.0] AndroidManifest.xml:23:9-81
38        android:protectionLevel="signature" />
38-->[androidx.core:core:1.13.0] AndroidManifest.xml:24:9-44
39
40    <uses-permission android:name="com.example.myapplication.DYNAMIC_RECEIVER_NOT_EXPORTED_PERMISSION" /> <!-- Android 14+ 建议 -->
40-->[androidx.core:core:1.13.0] AndroidManifest.xml:26:5-97
40-->[androidx.core:core:1.13.0] AndroidManifest.xml:26:22-94
41    <application
41-->src\main\AndroidManifest.xml:29:5-89:19
42        android:name="com.myapplication.app.MyApplication"
42-->src\main\AndroidManifest.xml:36:9-59
43        android:allowBackup="true"
43-->src\main\AndroidManifest.xml:30:9-35
44        android:appComponentFactory="androidx.core.app.CoreComponentFactory"
44-->[androidx.core:core:1.13.0] AndroidManifest.xml:28:18-86
45        android:dataExtractionRules="@xml/data_extraction_rules"
45-->src\main\AndroidManifest.xml:31:9-65
46        android:debuggable="true"
47        android:extractNativeLibs="false"
48        android:fullBackupContent="@xml/backup_rules"
48-->src\main\AndroidManifest.xml:32:9-54
49        android:icon="@mipmap/ic_launcher"
49-->src\main\AndroidManifest.xml:33:9-43
50        android:label="课程管理系统"
50-->src\main\AndroidManifest.xml:34:9-31
51        android:roundIcon="@mipmap/ic_launcher_round"
51-->src\main\AndroidManifest.xml:35:9-54
52        android:supportsRtl="true"
52-->src\main\AndroidManifest.xml:37:9-35
53        android:testOnly="true"
54        android:theme="@style/Theme.MyApplication" >
54-->src\main\AndroidManifest.xml:38:9-51
55        <receiver android:name="com.myapplication.app.AlarmReceiver" />
55-->src\main\AndroidManifest.xml:42:9-71
55-->src\main\AndroidManifest.xml:42:19-69
56
57        <activity
57-->src\main\AndroidManifest.xml:44:9-46:20
58            android:name="com.myapplication.app.activity.MainActivity"
58-->src\main\AndroidManifest.xml:44:19-77
59            android:exported="true" >
59-->src\main\AndroidManifest.xml:44:78-101
60        </activity>
61        <activity android:name="com.myapplication.app.activity.AddCourseActivity" />
61-->src\main\AndroidManifest.xml:47:9-85
61-->src\main\AndroidManifest.xml:47:19-82
62        <activity android:name="com.myapplication.app.activity.AddHomeworkActivity" />
62-->src\main\AndroidManifest.xml:48:9-87
62-->src\main\AndroidManifest.xml:48:19-84
63        <activity android:name="com.myapplication.app.activity.AddExamActivity" />
63-->src\main\AndroidManifest.xml:49:9-83
63-->src\main\AndroidManifest.xml:49:19-80
64        <activity android:name="com.myapplication.app.activity.AddMediaActivity" />
64-->src\main\AndroidManifest.xml:51:9-83
64-->src\main\AndroidManifest.xml:51:19-81
65
66        <service
66-->src\main\AndroidManifest.xml:53:9-55:38
67            android:name="com.myapplication.app.MusicService"
67-->src\main\AndroidManifest.xml:53:18-67
68            android:exported="true"
68-->src\main\AndroidManifest.xml:55:13-36
69            android:foregroundServiceType="mediaPlayback" />
69-->src\main\AndroidManifest.xml:54:13-58
70
71        <activity
71-->src\main\AndroidManifest.xml:57:9-64:20
72            android:name="com.myapplication.app.activity.LoginActivity"
72-->src\main\AndroidManifest.xml:57:19-78
73            android:exported="true" >
73-->src\main\AndroidManifest.xml:58:13-36
74            <intent-filter>
74-->src\main\AndroidManifest.xml:59:13-63:29
75                <action android:name="android.intent.action.MAIN" />
75-->src\main\AndroidManifest.xml:60:17-69
75-->src\main\AndroidManifest.xml:60:25-66
76
77                <category android:name="android.intent.category.LAUNCHER" />
77-->src\main\AndroidManifest.xml:62:17-77
77-->src\main\AndroidManifest.xml:62:27-74
78            </intent-filter>
79        </activity>
80        <activity
80-->src\main\AndroidManifest.xml:66:9-68:20
81            android:name="com.myapplication.app.activity.RegisterActivity"
81-->src\main\AndroidManifest.xml:66:19-81
82            android:exported="true" >
82-->src\main\AndroidManifest.xml:67:13-36
83        </activity>
84
85        <!-- 声明 FileProvider -->
86        <provider
87            android:name="androidx.core.content.FileProvider"
87-->src\main\AndroidManifest.xml:78:13-62
88            android:authorities="com.example.myapplication.provider"
88-->src\main\AndroidManifest.xml:79:13-60
89            android:exported="false"
89-->src\main\AndroidManifest.xml:80:13-37
90            android:grantUriPermissions="true" >
90-->src\main\AndroidManifest.xml:81:13-47
91            <meta-data
91-->src\main\AndroidManifest.xml:82:13-84:54
92                android:name="android.support.FILE_PROVIDER_PATHS"
92-->src\main\AndroidManifest.xml:83:17-67
93                android:resource="@xml/file_paths" />
93-->src\main\AndroidManifest.xml:84:17-51
94        </provider>
95        <provider
95-->[androidx.emoji2:emoji2:1.3.0] AndroidManifest.xml:24:9-32:20
96            android:name="androidx.startup.InitializationProvider"
96-->[androidx.emoji2:emoji2:1.3.0] AndroidManifest.xml:25:13-67
97            android:authorities="com.example.myapplication.androidx-startup"
97-->[androidx.emoji2:emoji2:1.3.0] AndroidManifest.xml:26:13-68
98            android:exported="false" >
98-->[androidx.emoji2:emoji2:1.3.0] AndroidManifest.xml:27:13-37
99            <meta-data
99-->[androidx.emoji2:emoji2:1.3.0] AndroidManifest.xml:29:13-31:52
100                android:name="androidx.emoji2.text.EmojiCompatInitializer"
100-->[androidx.emoji2:emoji2:1.3.0] AndroidManifest.xml:30:17-75
101                android:value="androidx.startup" />
101-->[androidx.emoji2:emoji2:1.3.0] AndroidManifest.xml:31:17-49
102            <meta-data
102-->[androidx.lifecycle:lifecycle-process:2.6.2] AndroidManifest.xml:29:13-31:52
103                android:name="androidx.lifecycle.ProcessLifecycleInitializer"
103-->[androidx.lifecycle:lifecycle-process:2.6.2] AndroidManifest.xml:30:17-78
104                android:value="androidx.startup" />
104-->[androidx.lifecycle:lifecycle-process:2.6.2] AndroidManifest.xml:31:17-49
105            <meta-data
105-->[androidx.profileinstaller:profileinstaller:1.4.0] AndroidManifest.xml:29:13-31:52
106                android:name="androidx.profileinstaller.ProfileInstallerInitializer"
106-->[androidx.profileinstaller:profileinstaller:1.4.0] AndroidManifest.xml:30:17-85
107                android:value="androidx.startup" />
107-->[androidx.profileinstaller:profileinstaller:1.4.0] AndroidManifest.xml:31:17-49
108        </provider>
109
110        <receiver
110-->[androidx.profileinstaller:profileinstaller:1.4.0] AndroidManifest.xml:34:9-52:20
111            android:name="androidx.profileinstaller.ProfileInstallReceiver"
111-->[androidx.profileinstaller:profileinstaller:1.4.0] AndroidManifest.xml:35:13-76
112            android:directBootAware="false"
112-->[androidx.profileinstaller:profileinstaller:1.4.0] AndroidManifest.xml:36:13-44
113            android:enabled="true"
113-->[androidx.profileinstaller:profileinstaller:1.4.0] AndroidManifest.xml:37:13-35
114            android:exported="true"
114-->[androidx.profileinstaller:profileinstaller:1.4.0] AndroidManifest.xml:38:13-36
115            android:permission="android.permission.DUMP" >
115-->[androidx.profileinstaller:profileinstaller:1.4.0] AndroidManifest.xml:39:13-57
116            <intent-filter>
116-->[androidx.profileinstaller:profileinstaller:1.4.0] AndroidManifest.xml:40:13-42:29
117                <action android:name="androidx.profileinstaller.action.INSTALL_PROFILE" />
117-->[androidx.profileinstaller:profileinstaller:1.4.0] AndroidManifest.xml:41:17-91
117-->[androidx.profileinstaller:profileinstaller:1.4.0] AndroidManifest.xml:41:25-88
118            </intent-filter>
119            <intent-filter>
119-->[androidx.profileinstaller:profileinstaller:1.4.0] AndroidManifest.xml:43:13-45:29
120                <action android:name="androidx.profileinstaller.action.SKIP_FILE" />
120-->[androidx.profileinstaller:profileinstaller:1.4.0] AndroidManifest.xml:44:17-85
120-->[androidx.profileinstaller:profileinstaller:1.4.0] AndroidManifest.xml:44:25-82
121            </intent-filter>
122            <intent-filter>
122-->[androidx.profileinstaller:profileinstaller:1.4.0] AndroidManifest.xml:46:13-48:29
123                <action android:name="androidx.profileinstaller.action.SAVE_PROFILE" />
123-->[androidx.profileinstaller:profileinstaller:1.4.0] AndroidManifest.xml:47:17-88
123-->[androidx.profileinstaller:profileinstaller:1.4.0] AndroidManifest.xml:47:25-85
124            </intent-filter>
125            <intent-filter>
125-->[androidx.profileinstaller:profileinstaller:1.4.0] AndroidManifest.xml:49:13-51:29
126                <action android:name="androidx.profileinstaller.action.BENCHMARK_OPERATION" />
126-->[androidx.profileinstaller:profileinstaller:1.4.0] AndroidManifest.xml:50:17-95
126-->[androidx.profileinstaller:profileinstaller:1.4.0] AndroidManifest.xml:50:25-92
127            </intent-filter>
128        </receiver>
129    </application>
130
131</manifest>